{"/home/harishsambasivam/Documents/JWT-Authentication/components/utils/utils.js": {"path":"/home/harishsambasivam/Documents/JWT-Authentication/components/utils/utils.js","statementMap":{"0":{"start":{"line":1,"column":12},"end":{"line":1,"column":35}},"1":{"start":{"line":2,"column":15},"end":{"line":2,"column":32}},"2":{"start":{"line":3,"column":19},"end":{"line":3,"column":59}},"3":{"start":{"line":5,"column":0},"end":{"line":10,"column":2}},"4":{"start":{"line":6,"column":34},"end":{"line":6,"column":64}},"5":{"start":{"line":7,"column":2},"end":{"line":9,"column":5}},"6":{"start":{"line":12,"column":0},"end":{"line":14,"column":2}},"7":{"start":{"line":13,"column":2},"end":{"line":13,"column":62}},"8":{"start":{"line":16,"column":0},"end":{"line":23,"column":2}},"9":{"start":{"line":17,"column":2},"end":{"line":22,"column":3}},"10":{"start":{"line":18,"column":17},"end":{"line":18,"column":56}},"11":{"start":{"line":19,"column":4},"end":{"line":19,"column":16}},"12":{"start":{"line":21,"column":4},"end":{"line":21,"column":14}},"13":{"start":{"line":25,"column":0},"end":{"line":28,"column":2}},"14":{"start":{"line":26,"column":17},"end":{"line":26,"column":72}},"15":{"start":{"line":27,"column":2},"end":{"line":27,"column":25}},"16":{"start":{"line":30,"column":0},"end":{"line":43,"column":2}},"17":{"start":{"line":32,"column":10},"end":{"line":32,"column":14}},"18":{"start":{"line":33,"column":2},"end":{"line":41,"column":3}},"19":{"start":{"line":35,"column":6},"end":{"line":37,"column":42}},"20":{"start":{"line":38,"column":4},"end":{"line":38,"column":37}},"21":{"start":{"line":40,"column":4},"end":{"line":40,"column":19}},"22":{"start":{"line":40,"column":11},"end":{"line":40,"column":19}},"23":{"start":{"line":42,"column":2},"end":{"line":42,"column":23}},"24":{"start":{"line":45,"column":0},"end":{"line":51,"column":2}},"25":{"start":{"line":46,"column":18},"end":{"line":46,"column":34}},"26":{"start":{"line":47,"column":16},"end":{"line":47,"column":32}},"27":{"start":{"line":48,"column":19},"end":{"line":48,"column":58}},"28":{"start":{"line":49,"column":24},"end":{"line":49,"column":54}},"29":{"start":{"line":50,"column":2},"end":{"line":50,"column":25}}},"fnMap":{"0":{"name":"(anonymous_0)","decl":{"start":{"line":5,"column":32},"end":{"line":5,"column":33}},"loc":{"start":{"line":5,"column":50},"end":{"line":10,"column":1}},"line":5},"1":{"name":"(anonymous_1)","decl":{"start":{"line":12,"column":33},"end":{"line":12,"column":34}},"loc":{"start":{"line":12,"column":47},"end":{"line":14,"column":1}},"line":12},"2":{"name":"(anonymous_2)","decl":{"start":{"line":16,"column":30},"end":{"line":16,"column":31}},"loc":{"start":{"line":16,"column":50},"end":{"line":23,"column":1}},"line":16},"3":{"name":"(anonymous_3)","decl":{"start":{"line":25,"column":32},"end":{"line":25,"column":33}},"loc":{"start":{"line":25,"column":77},"end":{"line":28,"column":1}},"line":25},"4":{"name":"(anonymous_4)","decl":{"start":{"line":30,"column":29},"end":{"line":30,"column":30}},"loc":{"start":{"line":30,"column":46},"end":{"line":43,"column":1}},"line":30},"5":{"name":"(anonymous_5)","decl":{"start":{"line":45,"column":38},"end":{"line":45,"column":39}},"loc":{"start":{"line":45,"column":58},"end":{"line":51,"column":1}},"line":45}},"branchMap":{"0":{"loc":{"start":{"line":35,"column":6},"end":{"line":37,"column":42}},"type":"cond-expr","locations":[{"start":{"line":36,"column":10},"end":{"line":36,"column":41}},{"start":{"line":37,"column":10},"end":{"line":37,"column":42}}],"line":35},"1":{"loc":{"start":{"line":40,"column":4},"end":{"line":40,"column":19}},"type":"if","locations":[{"start":{"line":40,"column":4},"end":{"line":40,"column":19}},{"start":{},"end":{}}],"line":40}},"s":{"0":1,"1":1,"2":1,"3":1,"4":1,"5":1,"6":1,"7":2,"8":1,"9":1,"10":1,"11":1,"12":0,"13":1,"14":1,"15":1,"16":1,"17":5,"18":5,"19":5,"20":5,"21":2,"22":2,"23":5,"24":1,"25":2,"26":2,"27":2,"28":2,"29":2},"f":{"0":1,"1":2,"2":1,"3":1,"4":5,"5":2},"b":{"0":[2,3],"1":[2,0]},"_coverageSchema":"1a1c01bbd47fc00a2c39e90264f33305004495a9","hash":"18904f949a40e326d3f3722419a5b194f99be030"}
}
