TN:
SF:components/utils/utils.js
FN:5,(anonymous_0)
FN:12,(anonymous_1)
FN:16,(anonymous_2)
FN:25,(anonymous_3)
FN:30,(anonymous_4)
FN:45,(anonymous_5)
FNF:6
FNH:6
FNDA:1,(anonymous_0)
FNDA:2,(anonymous_1)
FNDA:1,(anonymous_2)
FNDA:1,(anonymous_3)
FNDA:5,(anonymous_4)
FNDA:2,(anonymous_5)
DA:1,1
DA:2,1
DA:3,1
DA:5,1
DA:6,1
DA:7,1
DA:12,1
DA:13,2
DA:16,1
DA:17,1
DA:18,1
DA:19,1
DA:21,0
DA:25,1
DA:26,1
DA:27,1
DA:30,1
DA:32,5
DA:33,5
DA:35,5
DA:38,5
DA:40,2
DA:42,5
DA:45,1
DA:46,2
DA:47,2
DA:48,2
DA:49,2
DA:50,2
LF:29
LH:28
BRDA:35,0,0,2
BRDA:35,0,1,3
BRDA:40,1,0,2
BRDA:40,1,1,0
BRF:4
BRH:3
end_of_record
